[debug] [2025-09-06T06:28:05.935Z] ----------------------------------------------------------------------
[debug] [2025-09-06T06:28:05.942Z] Command:       /opt/homebrew/Cellar/node/24.6.0/bin/node /opt/homebrew/bin/firebase init hosting
[debug] [2025-09-06T06:28:05.942Z] CLI Version:   14.15.2
[debug] [2025-09-06T06:28:05.943Z] Platform:      darwin
[debug] [2025-09-06T06:28:05.943Z] Node Version:  v24.6.0
[debug] [2025-09-06T06:28:05.943Z] Time:          Sat Sep 06 2025 11:58:05 GMT+0530 (India Standard Time)
[debug] [2025-09-06T06:28:05.943Z] ----------------------------------------------------------------------
[debug] 
[debug] [2025-09-06T06:28:05.947Z] > command requires scopes: ["email","openid","https://www.googleapis.com/auth/cloudplatformprojects.readonly","https://www.googleapis.com/auth/firebase","https://www.googleapis.com/auth/cloud-platform"]
[debug] [2025-09-06T06:28:05.948Z] > authorizing via signed-in user (kumaraditya12981006@gmail.com)
[info] 
     ######## #### ########  ######## ########     ###     ######  ########
     ##        ##  ##     ## ##       ##     ##  ##   ##  ##       ##
     ######    ##  ########  ######   ########  #########  ######  ######
     ##        ##  ##    ##  ##       ##     ## ##     ##       ## ##
     ##       #### ##     ## ######## ########  ##     ##  ######  ########

You're about to initialize a Firebase project in this directory:

  /Users/aditya/Desktop/EcoSpy-React

[info] 
=== Project Setup
[info] 
[info] First, let's associate this project directory with a Firebase project.
[info] You can create multiple project aliases by running firebase use --add, 
[info] but for now we'll just set up a default project.
[info] 
[debug] [2025-09-06T06:28:20.844Z] Checked if tokens are valid: true, expires at: 1757143627521
[debug] [2025-09-06T06:28:20.844Z] Checked if tokens are valid: true, expires at: 1757143627521
[debug] [2025-09-06T06:28:20.846Z] >>> [apiv2][query] GET https://firebase.googleapis.com/v1beta1/projects pageSize=100
[debug] [2025-09-06T06:28:22.060Z] <<< [apiv2][status] GET https://firebase.googleapis.com/v1beta1/projects 200
[debug] [2025-09-06T06:28:22.060Z] <<< [apiv2][body] GET https://firebase.googleapis.com/v1beta1/projects [omitted]
[info] i  Using project ecospy-1006 (EcoSpy) 
[info] 
=== Hosting Setup
[debug] [2025-09-06T06:28:28.668Z] Checked if tokens are valid: true, expires at: 1757143627521
[debug] [2025-09-06T06:28:28.668Z] Checked if tokens are valid: true, expires at: 1757143627521
[debug] [2025-09-06T06:28:28.668Z] >>> [apiv2][query] GET https://firebase.googleapis.com/v1beta1/projects/ecospy-1006 [none]
[debug] [2025-09-06T06:28:29.142Z] <<< [apiv2][status] GET https://firebase.googleapis.com/v1beta1/projects/ecospy-1006 200
[debug] [2025-09-06T06:28:29.143Z] <<< [apiv2][body] GET https://firebase.googleapis.com/v1beta1/projects/ecospy-1006 {"projectId":"ecospy-1006","projectNumber":"435473261089","displayName":"EcoSpy","name":"projects/ecospy-1006","resources":{"hostingSite":"ecospy-1006"},"state":"ACTIVE","etag":"1_9bff953a-4407-404e-a063-e2e0536750b5"}
[info] 
[info] Your public directory is the folder (relative to your project directory) that
[info] will contain Hosting assets to be uploaded with firebase deploy. If you
[info] have a build process for your assets, use your build's output directory.
[info] 
